F:\CODE\COCOS2D-X-2.2.3\COCOS2DX\PROJ.WIN32\DEBUG.WIN32\CCTEXTUREPVR.OBJ
F:\CODE\COCOS2D-X-2.2.3\COCOS2DX\PROJ.WIN32\DEBUG.WIN32\CCPARALLAXNODE.OBJ
F:\CODE\COCOS2D-X-2.2.3\COCOS2DX\PROJ.WIN32\DEBUG.WIN32\CCTILEMAPATLAS.OBJ
F:\CODE\COCOS2D-X-2.2.3\COCOS2DX\PROJ.WIN32\DEBUG.WIN32\CCTMXLAYER.OBJ
F:\CODE\COCOS2D-X-2.2.3\COCOS2DX\PROJ.WIN32\DEBUG.WIN32\CCTMXOBJECTGROUP.OBJ
F:\CODE\COCOS2D-X-2.2.3\COCOS2DX\PROJ.WIN32\DEBUG.WIN32\CCTMXTILEDMAP.OBJ
F:\CODE\COCOS2D-X-2.2.3\COCOS2DX\PROJ.WIN32\DEBUG.WIN32\CCTMXXMLPARSER.OBJ
F:\CODE\COCOS2D-X-2.2.3\COCOS2DX\PROJ.WIN32\DEBUG.WIN32\CCTOUCH.OBJ
F:\CODE\COCOS2D-X-2.2.3\COCOS2DX\PROJ.WIN32\DEBUG.WIN32\CCTOUCHDISPATCHER.OBJ
F:\CODE\COCOS2D-X-2.2.3\COCOS2DX\PROJ.WIN32\DEBUG.WIN32\CCTOUCHHANDLER.OBJ
F:\CODE\COCOS2D-X-2.2.3\COCOS2DX\PROJ.WIN32\DEBUG.WIN32\CCKEYPADDELEGATE.OBJ
F:\CODE\COCOS2D-X-2.2.3\COCOS2DX\PROJ.WIN32\DEBUG.WIN32\CCKEYPADDISPATCHER.OBJ
F:\CODE\COCOS2D-X-2.2.3\COCOS2DX\PROJ.WIN32\DEBUG.WIN32\CCIMEDISPATCHER.OBJ
F:\CODE\COCOS2D-X-2.2.3\COCOS2DX\PROJ.WIN32\DEBUG.WIN32\CCTEXTFIELDTTF.OBJ
F:\CODE\COCOS2D-X-2.2.3\COCOS2DX\PROJ.WIN32\DEBUG.WIN32\CCSCRIPTSUPPORT.OBJ
F:\CODE\COCOS2D-X-2.2.3\COCOS2DX\PROJ.WIN32\DEBUG.WIN32\CCCAMERA.OBJ
F:\CODE\COCOS2D-X-2.2.3\COCOS2DX\PROJ.WIN32\DEBUG.WIN32\CCCONFIGURATION.OBJ
F:\CODE\COCOS2D-X-2.2.3\COCOS2DX\PROJ.WIN32\DEBUG.WIN32\CCDIRECTOR.OBJ
F:\CODE\COCOS2D-X-2.2.3\COCOS2DX\PROJ.WIN32\DEBUG.WIN32\CCSCHEDULER.OBJ
F:\CODE\COCOS2D-X-2.2.3\COCOS2DX\PROJ.WIN32\DEBUG.WIN32\COCOS2D.OBJ
F:\CODE\COCOS2D-X-2.2.3\COCOS2DX\PROJ.WIN32\DEBUG.WIN32\CCNOTIFICATIONCENTER.OBJ
F:\CODE\COCOS2D-X-2.2.3\COCOS2DX\PROJ.WIN32\DEBUG.WIN32\CCPOINTEXTENSION.OBJ
F:\CODE\COCOS2D-X-2.2.3\COCOS2DX\PROJ.WIN32\DEBUG.WIN32\CCPROFILING.OBJ
F:\CODE\COCOS2D-X-2.2.3\COCOS2DX\PROJ.WIN32\DEBUG.WIN32\CCUTF8.OBJ
F:\CODE\COCOS2D-X-2.2.3\COCOS2DX\PROJ.WIN32\DEBUG.WIN32\CCUTILS.OBJ
F:\CODE\COCOS2D-X-2.2.3\COCOS2DX\PROJ.WIN32\DEBUG.WIN32\CCVERTEX.OBJ
F:\CODE\COCOS2D-X-2.2.3\COCOS2DX\PROJ.WIN32\DEBUG.WIN32\CCCOMPONENT.OBJ
F:\CODE\COCOS2D-X-2.2.3\COCOS2DX\PROJ.WIN32\DEBUG.WIN32\CCCOMPONENTCONTAINER.OBJ
F:\CODE\COCOS2D-X-2.2.3\COCOS2DX\PROJ.WIN32\DEBUG.WIN32\TINYXML2.OBJ
F:\CODE\COCOS2D-X-2.2.3\COCOS2DX\PROJ.WIN32\DEBUG.WIN32\TRANSFORMUTILS.OBJ
F:\CODE\COCOS2D-X-2.2.3\COCOS2DX\PROJ.WIN32\DEBUG.WIN32\CCCARRAY.OBJ
F:\CODE\COCOS2D-X-2.2.3\COCOS2DX\PROJ.WIN32\DEBUG.WIN32\TGALIB.OBJ
F:\CODE\COCOS2D-X-2.2.3\COCOS2DX\PROJ.WIN32\DEBUG.WIN32\CCUSERDEFAULT.OBJ
F:\CODE\COCOS2D-X-2.2.3\COCOS2DX\PROJ.WIN32\DEBUG.WIN32\IOAPI.OBJ
F:\CODE\COCOS2D-X-2.2.3\COCOS2DX\PROJ.WIN32\DEBUG.WIN32\UNZIP.OBJ
F:\CODE\COCOS2D-X-2.2.3\COCOS2DX\PROJ.WIN32\DEBUG.WIN32\ZIPUTILS.OBJ
F:\CODE\COCOS2D-X-2.2.3\COCOS2DX\PROJ.WIN32\DEBUG.WIN32\CCTEXTURE2D.OBJ
F:\CODE\COCOS2D-X-2.2.3\COCOS2DX\PROJ.WIN32\DEBUG.WIN32\CCTEXTUREATLAS.OBJ
F:\CODE\COCOS2D-X-2.2.3\COCOS2DX\PROJ.WIN32\DEBUG.WIN32\CCTEXTURECACHE.OBJ
F:\CODE\COCOS2D-X-2.2.3\COCOS2DX\PROJ.WIN32\DEBUG.WIN32\CCTEXTUREETC.OBJ
F:\CODE\COCOS2D-X-2.2.3\COCOS2DX\PROJ.WIN32\DEBUG.WIN32\PLATFORM.OBJ
F:\CODE\COCOS2D-X-2.2.3\COCOS2DX\PROJ.WIN32\DEBUG.WIN32\CCACCELEROMETER.OBJ
F:\CODE\COCOS2D-X-2.2.3\COCOS2DX\PROJ.WIN32\DEBUG.WIN32\CCAPPLICATION.OBJ
F:\CODE\COCOS2D-X-2.2.3\COCOS2DX\PROJ.WIN32\DEBUG.WIN32\CCCOMMON.OBJ
F:\CODE\COCOS2D-X-2.2.3\COCOS2DX\PROJ.WIN32\DEBUG.WIN32\CCDEVICE.OBJ
F:\CODE\COCOS2D-X-2.2.3\COCOS2DX\PROJ.WIN32\DEBUG.WIN32\CCEGLVIEW.OBJ
F:\CODE\COCOS2D-X-2.2.3\COCOS2DX\PROJ.WIN32\DEBUG.WIN32\CCFILEUTILSWIN32.OBJ
F:\CODE\COCOS2D-X-2.2.3\COCOS2DX\PROJ.WIN32\DEBUG.WIN32\CCIMAGE.OBJ
F:\CODE\COCOS2D-X-2.2.3\COCOS2DX\PROJ.WIN32\DEBUG.WIN32\CCSTDC.OBJ
F:\CODE\COCOS2D-X-2.2.3\COCOS2DX\PROJ.WIN32\DEBUG.WIN32\CCGLPROGRAM.OBJ
F:\CODE\COCOS2D-X-2.2.3\COCOS2DX\PROJ.WIN32\DEBUG.WIN32\CCGLSTATECACHE.OBJ
F:\CODE\COCOS2D-X-2.2.3\COCOS2DX\PROJ.WIN32\DEBUG.WIN32\CCSHADERCACHE.OBJ
F:\CODE\COCOS2D-X-2.2.3\COCOS2DX\PROJ.WIN32\DEBUG.WIN32\CCSHADERS.OBJ
F:\CODE\COCOS2D-X-2.2.3\COCOS2DX\PROJ.WIN32\DEBUG.WIN32\CCANIMATION.OBJ
F:\CODE\COCOS2D-X-2.2.3\COCOS2DX\PROJ.WIN32\DEBUG.WIN32\CCANIMATIONCACHE.OBJ
F:\CODE\COCOS2D-X-2.2.3\COCOS2DX\PROJ.WIN32\DEBUG.WIN32\CCSPRITE.OBJ
F:\CODE\COCOS2D-X-2.2.3\COCOS2DX\PROJ.WIN32\DEBUG.WIN32\CCSPRITEBATCHNODE.OBJ
F:\CODE\COCOS2D-X-2.2.3\COCOS2DX\PROJ.WIN32\DEBUG.WIN32\CCSPRITEFRAME.OBJ
F:\CODE\COCOS2D-X-2.2.3\COCOS2DX\PROJ.WIN32\DEBUG.WIN32\CCSPRITEFRAMECACHE.OBJ
F:\CODE\COCOS2D-X-2.2.3\COCOS2DX\PROJ.WIN32\DEBUG.WIN32\BASE64.OBJ
F:\CODE\COCOS2D-X-2.2.3\COCOS2DX\PROJ.WIN32\DEBUG.WIN32\CCLAYER.OBJ
F:\CODE\COCOS2D-X-2.2.3\COCOS2DX\PROJ.WIN32\DEBUG.WIN32\CCSCENE.OBJ
F:\CODE\COCOS2D-X-2.2.3\COCOS2DX\PROJ.WIN32\DEBUG.WIN32\CCTRANSITION.OBJ
F:\CODE\COCOS2D-X-2.2.3\COCOS2DX\PROJ.WIN32\DEBUG.WIN32\CCTRANSITIONPAGETURN.OBJ
F:\CODE\COCOS2D-X-2.2.3\COCOS2DX\PROJ.WIN32\DEBUG.WIN32\CCTRANSITIONPROGRESS.OBJ
F:\CODE\COCOS2D-X-2.2.3\COCOS2DX\PROJ.WIN32\DEBUG.WIN32\CCMENU.OBJ
F:\CODE\COCOS2D-X-2.2.3\COCOS2DX\PROJ.WIN32\DEBUG.WIN32\CCMENUITEM.OBJ
F:\CODE\COCOS2D-X-2.2.3\COCOS2DX\PROJ.WIN32\DEBUG.WIN32\CCCLIPPINGNODE.OBJ
F:\CODE\COCOS2D-X-2.2.3\COCOS2DX\PROJ.WIN32\DEBUG.WIN32\CCMOTIONSTREAK.OBJ
F:\CODE\COCOS2D-X-2.2.3\COCOS2DX\PROJ.WIN32\DEBUG.WIN32\CCPROGRESSTIMER.OBJ
F:\CODE\COCOS2D-X-2.2.3\COCOS2DX\PROJ.WIN32\DEBUG.WIN32\CCRENDERTEXTURE.OBJ
F:\CODE\COCOS2D-X-2.2.3\COCOS2DX\PROJ.WIN32\DEBUG.WIN32\CCPARTICLEBATCHNODE.OBJ
F:\CODE\COCOS2D-X-2.2.3\COCOS2DX\PROJ.WIN32\DEBUG.WIN32\CCPARTICLEEXAMPLES.OBJ
F:\CODE\COCOS2D-X-2.2.3\COCOS2DX\PROJ.WIN32\DEBUG.WIN32\CCPARTICLESYSTEM.OBJ
F:\CODE\COCOS2D-X-2.2.3\COCOS2DX\PROJ.WIN32\DEBUG.WIN32\CCPARTICLESYSTEMQUAD.OBJ
F:\CODE\COCOS2D-X-2.2.3\COCOS2DX\PROJ.WIN32\DEBUG.WIN32\CCEGLVIEWPROTOCOL.OBJ
F:\CODE\COCOS2D-X-2.2.3\COCOS2DX\PROJ.WIN32\DEBUG.WIN32\CCFILEUTILS.OBJ
F:\CODE\COCOS2D-X-2.2.3\COCOS2DX\PROJ.WIN32\DEBUG.WIN32\CCIMAGECOMMONWEBP.OBJ
F:\CODE\COCOS2D-X-2.2.3\COCOS2DX\PROJ.WIN32\DEBUG.WIN32\CCSAXPARSER.OBJ
F:\CODE\COCOS2D-X-2.2.3\COCOS2DX\PROJ.WIN32\DEBUG.WIN32\CCTHREAD.OBJ
F:\CODE\COCOS2D-X-2.2.3\COCOS2DX\PROJ.WIN32\DEBUG.WIN32\CCDRAWINGPRIMITIVES.OBJ
F:\CODE\COCOS2D-X-2.2.3\COCOS2DX\PROJ.WIN32\DEBUG.WIN32\CCDRAWNODE.OBJ
F:\CODE\COCOS2D-X-2.2.3\COCOS2DX\PROJ.WIN32\DEBUG.WIN32\CCGRABBER.OBJ
F:\CODE\COCOS2D-X-2.2.3\COCOS2DX\PROJ.WIN32\DEBUG.WIN32\CCGRID.OBJ
F:\CODE\COCOS2D-X-2.2.3\COCOS2DX\PROJ.WIN32\DEBUG.WIN32\CCACTION.OBJ
F:\CODE\COCOS2D-X-2.2.3\COCOS2DX\PROJ.WIN32\DEBUG.WIN32\CCACTIONCAMERA.OBJ
F:\CODE\COCOS2D-X-2.2.3\COCOS2DX\PROJ.WIN32\DEBUG.WIN32\CCACTIONCATMULLROM.OBJ
F:\CODE\COCOS2D-X-2.2.3\COCOS2DX\PROJ.WIN32\DEBUG.WIN32\CCACTIONEASE.OBJ
F:\CODE\COCOS2D-X-2.2.3\COCOS2DX\PROJ.WIN32\DEBUG.WIN32\CCACTIONGRID.OBJ
F:\CODE\COCOS2D-X-2.2.3\COCOS2DX\PROJ.WIN32\DEBUG.WIN32\CCACTIONGRID3D.OBJ
F:\CODE\COCOS2D-X-2.2.3\COCOS2DX\PROJ.WIN32\DEBUG.WIN32\CCACTIONINSTANT.OBJ
F:\CODE\COCOS2D-X-2.2.3\COCOS2DX\PROJ.WIN32\DEBUG.WIN32\CCACTIONINTERVAL.OBJ
F:\CODE\COCOS2D-X-2.2.3\COCOS2DX\PROJ.WIN32\DEBUG.WIN32\CCACTIONMANAGER.OBJ
F:\CODE\COCOS2D-X-2.2.3\COCOS2DX\PROJ.WIN32\DEBUG.WIN32\CCACTIONPAGETURN3D.OBJ
F:\CODE\COCOS2D-X-2.2.3\COCOS2DX\PROJ.WIN32\DEBUG.WIN32\CCACTIONPROGRESSTIMER.OBJ
F:\CODE\COCOS2D-X-2.2.3\COCOS2DX\PROJ.WIN32\DEBUG.WIN32\CCACTIONTILEDGRID.OBJ
F:\CODE\COCOS2D-X-2.2.3\COCOS2DX\PROJ.WIN32\DEBUG.WIN32\CCACTIONTWEEN.OBJ
F:\CODE\COCOS2D-X-2.2.3\COCOS2DX\PROJ.WIN32\DEBUG.WIN32\CCLABELATLAS.OBJ
F:\CODE\COCOS2D-X-2.2.3\COCOS2DX\PROJ.WIN32\DEBUG.WIN32\CCLABELBMFONT.OBJ
F:\CODE\COCOS2D-X-2.2.3\COCOS2DX\PROJ.WIN32\DEBUG.WIN32\CCLABELTTF.OBJ
F:\CODE\COCOS2D-X-2.2.3\COCOS2DX\PROJ.WIN32\DEBUG.WIN32\CCATLASNODE.OBJ
F:\CODE\COCOS2D-X-2.2.3\COCOS2DX\PROJ.WIN32\DEBUG.WIN32\CCNODE.OBJ
F:\CODE\COCOS2D-X-2.2.3\COCOS2DX\PROJ.WIN32\DEBUG.WIN32\CCAFFINETRANSFORM.OBJ
F:\CODE\COCOS2D-X-2.2.3\COCOS2DX\PROJ.WIN32\DEBUG.WIN32\CCARRAY.OBJ
F:\CODE\COCOS2D-X-2.2.3\COCOS2DX\PROJ.WIN32\DEBUG.WIN32\CCAUTORELEASEPOOL.OBJ
F:\CODE\COCOS2D-X-2.2.3\COCOS2DX\PROJ.WIN32\DEBUG.WIN32\CCDATAVISITOR.OBJ
F:\CODE\COCOS2D-X-2.2.3\COCOS2DX\PROJ.WIN32\DEBUG.WIN32\CCDICTIONARY.OBJ
F:\CODE\COCOS2D-X-2.2.3\COCOS2DX\PROJ.WIN32\DEBUG.WIN32\CCGEOMETRY.OBJ
F:\CODE\COCOS2D-X-2.2.3\COCOS2DX\PROJ.WIN32\DEBUG.WIN32\CCNS.OBJ
F:\CODE\COCOS2D-X-2.2.3\COCOS2DX\PROJ.WIN32\DEBUG.WIN32\CCOBJECT.OBJ
F:\CODE\COCOS2D-X-2.2.3\COCOS2DX\PROJ.WIN32\DEBUG.WIN32\CCSET.OBJ
F:\CODE\COCOS2D-X-2.2.3\COCOS2DX\PROJ.WIN32\DEBUG.WIN32\CCSTRING.OBJ
F:\CODE\COCOS2D-X-2.2.3\COCOS2DX\PROJ.WIN32\DEBUG.WIN32\CCZONE.OBJ
F:\CODE\COCOS2D-X-2.2.3\COCOS2DX\PROJ.WIN32\DEBUG.WIN32\VC110.PDB
F:\CODE\COCOS2D-X-2.2.3\COCOS2DX\PROJ.WIN32\DEBUG.WIN32\CCFPSIMAGES.OBJ
F:\CODE\COCOS2D-X-2.2.3\COCOS2DX\PROJ.WIN32\DEBUG.WIN32\AABB.OBJ
F:\CODE\COCOS2D-X-2.2.3\COCOS2DX\PROJ.WIN32\DEBUG.WIN32\MAT3.OBJ
F:\CODE\COCOS2D-X-2.2.3\COCOS2DX\PROJ.WIN32\DEBUG.WIN32\MAT4.OBJ
F:\CODE\COCOS2D-X-2.2.3\COCOS2DX\PROJ.WIN32\DEBUG.WIN32\NEON_MATRIX_IMPL.OBJ
F:\CODE\COCOS2D-X-2.2.3\COCOS2DX\PROJ.WIN32\DEBUG.WIN32\PLANE.OBJ
F:\CODE\COCOS2D-X-2.2.3\COCOS2DX\PROJ.WIN32\DEBUG.WIN32\QUATERNION.OBJ
F:\CODE\COCOS2D-X-2.2.3\COCOS2DX\PROJ.WIN32\DEBUG.WIN32\RAY2.OBJ
F:\CODE\COCOS2D-X-2.2.3\COCOS2DX\PROJ.WIN32\DEBUG.WIN32\UTILITY.OBJ
F:\CODE\COCOS2D-X-2.2.3\COCOS2DX\PROJ.WIN32\DEBUG.WIN32\VEC2.OBJ
F:\CODE\COCOS2D-X-2.2.3\COCOS2DX\PROJ.WIN32\DEBUG.WIN32\VEC3.OBJ
F:\CODE\COCOS2D-X-2.2.3\COCOS2DX\PROJ.WIN32\DEBUG.WIN32\VEC4.OBJ
F:\CODE\COCOS2D-X-2.2.3\COCOS2DX\PROJ.WIN32\DEBUG.WIN32\MAT4STACK.OBJ
F:\CODE\COCOS2D-X-2.2.3\COCOS2DX\PROJ.WIN32\DEBUG.WIN32\MATRIX.OBJ
F:\code\cocos2d-x-2.2.3\projects\sunMap\proj.win32\Debug.win32\libcocos2d.lib
F:\code\cocos2d-x-2.2.3\projects\sunMap\proj.win32\Debug.win32\libcocos2d.exp
F:\CODE\COCOS2D-X-2.2.3\PROJECTS\SUNMAP\PROJ.WIN32\DEBUG.WIN32\LIBCOCOS2D.DLL
F:\CODE\COCOS2D-X-2.2.3\PROJECTS\SUNMAP\PROJ.WIN32\DEBUG.WIN32\LIBCOCOS2D.PDB
F:\code\cocos2d-x-2.2.3\cocos2dx\proj.win32\Debug.win32\aabb.obj
F:\code\cocos2d-x-2.2.3\cocos2dx\proj.win32\Debug.win32\base64.obj
F:\code\cocos2d-x-2.2.3\cocos2dx\proj.win32\Debug.win32\CCAccelerometer.obj
F:\code\cocos2d-x-2.2.3\cocos2dx\proj.win32\Debug.win32\CCAction.obj
F:\code\cocos2d-x-2.2.3\cocos2dx\proj.win32\Debug.win32\CCActionCamera.obj
F:\code\cocos2d-x-2.2.3\cocos2dx\proj.win32\Debug.win32\CCActionCatmullRom.obj
F:\code\cocos2d-x-2.2.3\cocos2dx\proj.win32\Debug.win32\CCActionEase.obj
F:\code\cocos2d-x-2.2.3\cocos2dx\proj.win32\Debug.win32\CCActionGrid.obj
F:\code\cocos2d-x-2.2.3\cocos2dx\proj.win32\Debug.win32\CCActionGrid3D.obj
F:\code\cocos2d-x-2.2.3\cocos2dx\proj.win32\Debug.win32\CCActionInstant.obj
F:\code\cocos2d-x-2.2.3\cocos2dx\proj.win32\Debug.win32\CCActionInterval.obj
F:\code\cocos2d-x-2.2.3\cocos2dx\proj.win32\Debug.win32\CCActionManager.obj
F:\code\cocos2d-x-2.2.3\cocos2dx\proj.win32\Debug.win32\CCActionPageTurn3D.obj
F:\code\cocos2d-x-2.2.3\cocos2dx\proj.win32\Debug.win32\CCActionProgressTimer.obj
F:\code\cocos2d-x-2.2.3\cocos2dx\proj.win32\Debug.win32\CCActionTiledGrid.obj
F:\code\cocos2d-x-2.2.3\cocos2dx\proj.win32\Debug.win32\CCActionTween.obj
F:\code\cocos2d-x-2.2.3\cocos2dx\proj.win32\Debug.win32\CCAffineTransform.obj
F:\code\cocos2d-x-2.2.3\cocos2dx\proj.win32\Debug.win32\CCAnimation.obj
F:\code\cocos2d-x-2.2.3\cocos2dx\proj.win32\Debug.win32\CCAnimationCache.obj
F:\code\cocos2d-x-2.2.3\cocos2dx\proj.win32\Debug.win32\CCApplication.obj
F:\code\cocos2d-x-2.2.3\cocos2dx\proj.win32\Debug.win32\CCArray.obj
F:\code\cocos2d-x-2.2.3\cocos2dx\proj.win32\Debug.win32\CCAtlasNode.obj
F:\code\cocos2d-x-2.2.3\cocos2dx\proj.win32\Debug.win32\CCAutoreleasePool.obj
F:\code\cocos2d-x-2.2.3\cocos2dx\proj.win32\Debug.win32\CCCamera.obj
F:\code\cocos2d-x-2.2.3\cocos2dx\proj.win32\Debug.win32\ccCArray.obj
F:\code\cocos2d-x-2.2.3\cocos2dx\proj.win32\Debug.win32\CCClippingNode.obj
F:\code\cocos2d-x-2.2.3\cocos2dx\proj.win32\Debug.win32\CCCommon.obj
F:\code\cocos2d-x-2.2.3\cocos2dx\proj.win32\Debug.win32\CCComponent.obj
F:\code\cocos2d-x-2.2.3\cocos2dx\proj.win32\Debug.win32\CCComponentContainer.obj
F:\code\cocos2d-x-2.2.3\cocos2dx\proj.win32\Debug.win32\CCConfiguration.obj
F:\code\cocos2d-x-2.2.3\cocos2dx\proj.win32\Debug.win32\CCDataVisitor.obj
F:\code\cocos2d-x-2.2.3\cocos2dx\proj.win32\Debug.win32\CCDevice.obj
F:\code\cocos2d-x-2.2.3\cocos2dx\proj.win32\Debug.win32\CCDictionary.obj
F:\code\cocos2d-x-2.2.3\cocos2dx\proj.win32\Debug.win32\CCDirector.obj
F:\code\cocos2d-x-2.2.3\cocos2dx\proj.win32\Debug.win32\CCDrawingPrimitives.obj
F:\code\cocos2d-x-2.2.3\cocos2dx\proj.win32\Debug.win32\CCDrawNode.obj
F:\code\cocos2d-x-2.2.3\cocos2dx\proj.win32\Debug.win32\CCEGLView.obj
F:\code\cocos2d-x-2.2.3\cocos2dx\proj.win32\Debug.win32\CCEGLViewProtocol.obj
F:\code\cocos2d-x-2.2.3\cocos2dx\proj.win32\Debug.win32\CCFileUtils.obj
F:\code\cocos2d-x-2.2.3\cocos2dx\proj.win32\Debug.win32\CCFileUtilsWin32.obj
F:\code\cocos2d-x-2.2.3\cocos2dx\proj.win32\Debug.win32\ccFPSImages.obj
F:\code\cocos2d-x-2.2.3\cocos2dx\proj.win32\Debug.win32\CCGeometry.obj
F:\code\cocos2d-x-2.2.3\cocos2dx\proj.win32\Debug.win32\CCGLProgram.obj
F:\code\cocos2d-x-2.2.3\cocos2dx\proj.win32\Debug.win32\ccGLStateCache.obj
F:\code\cocos2d-x-2.2.3\cocos2dx\proj.win32\Debug.win32\CCGrabber.obj
F:\code\cocos2d-x-2.2.3\cocos2dx\proj.win32\Debug.win32\CCGrid.obj
F:\code\cocos2d-x-2.2.3\cocos2dx\proj.win32\Debug.win32\CCImage.obj
F:\code\cocos2d-x-2.2.3\cocos2dx\proj.win32\Debug.win32\CCImageCommonWebp.obj
F:\code\cocos2d-x-2.2.3\cocos2dx\proj.win32\Debug.win32\CCIMEDispatcher.obj
F:\code\cocos2d-x-2.2.3\cocos2dx\proj.win32\Debug.win32\CCKeypadDelegate.obj
F:\code\cocos2d-x-2.2.3\cocos2dx\proj.win32\Debug.win32\CCKeypadDispatcher.obj
F:\code\cocos2d-x-2.2.3\cocos2dx\proj.win32\Debug.win32\CCLabelAtlas.obj
F:\code\cocos2d-x-2.2.3\cocos2dx\proj.win32\Debug.win32\CCLabelBMFont.obj
F:\code\cocos2d-x-2.2.3\cocos2dx\proj.win32\Debug.win32\CCLabelTTF.obj
F:\code\cocos2d-x-2.2.3\cocos2dx\proj.win32\Debug.win32\CCLayer.obj
F:\code\cocos2d-x-2.2.3\cocos2dx\proj.win32\Debug.win32\CCMenu.obj
F:\code\cocos2d-x-2.2.3\cocos2dx\proj.win32\Debug.win32\CCMenuItem.obj
F:\code\cocos2d-x-2.2.3\cocos2dx\proj.win32\Debug.win32\CCMotionStreak.obj
F:\code\cocos2d-x-2.2.3\cocos2dx\proj.win32\Debug.win32\CCNode.obj
F:\code\cocos2d-x-2.2.3\cocos2dx\proj.win32\Debug.win32\CCNotificationCenter.obj
F:\code\cocos2d-x-2.2.3\cocos2dx\proj.win32\Debug.win32\CCNS.obj
F:\code\cocos2d-x-2.2.3\cocos2dx\proj.win32\Debug.win32\CCObject.obj
F:\code\cocos2d-x-2.2.3\cocos2dx\proj.win32\Debug.win32\CCParallaxNode.obj
F:\code\cocos2d-x-2.2.3\cocos2dx\proj.win32\Debug.win32\CCParticleBatchNode.obj
F:\code\cocos2d-x-2.2.3\cocos2dx\proj.win32\Debug.win32\CCParticleExamples.obj
F:\code\cocos2d-x-2.2.3\cocos2dx\proj.win32\Debug.win32\CCParticleSystem.obj
F:\code\cocos2d-x-2.2.3\cocos2dx\proj.win32\Debug.win32\CCParticleSystemQuad.obj
F:\code\cocos2d-x-2.2.3\cocos2dx\proj.win32\Debug.win32\CCPointExtension.obj
F:\code\cocos2d-x-2.2.3\cocos2dx\proj.win32\Debug.win32\CCProfiling.obj
F:\code\cocos2d-x-2.2.3\cocos2dx\proj.win32\Debug.win32\CCProgressTimer.obj
F:\code\cocos2d-x-2.2.3\cocos2dx\proj.win32\Debug.win32\CCRenderTexture.obj
F:\code\cocos2d-x-2.2.3\cocos2dx\proj.win32\Debug.win32\CCSAXParser.obj
F:\code\cocos2d-x-2.2.3\cocos2dx\proj.win32\Debug.win32\CCScene.obj
F:\code\cocos2d-x-2.2.3\cocos2dx\proj.win32\Debug.win32\CCScheduler.obj
F:\code\cocos2d-x-2.2.3\cocos2dx\proj.win32\Debug.win32\CCScriptSupport.obj
F:\code\cocos2d-x-2.2.3\cocos2dx\proj.win32\Debug.win32\CCSet.obj
F:\code\cocos2d-x-2.2.3\cocos2dx\proj.win32\Debug.win32\CCShaderCache.obj
F:\code\cocos2d-x-2.2.3\cocos2dx\proj.win32\Debug.win32\ccShaders.obj
F:\code\cocos2d-x-2.2.3\cocos2dx\proj.win32\Debug.win32\CCSprite.obj
F:\code\cocos2d-x-2.2.3\cocos2dx\proj.win32\Debug.win32\CCSpriteBatchNode.obj
F:\code\cocos2d-x-2.2.3\cocos2dx\proj.win32\Debug.win32\CCSpriteFrame.obj
F:\code\cocos2d-x-2.2.3\cocos2dx\proj.win32\Debug.win32\CCSpriteFrameCache.obj
F:\code\cocos2d-x-2.2.3\cocos2dx\proj.win32\Debug.win32\CCStdC.obj
F:\code\cocos2d-x-2.2.3\cocos2dx\proj.win32\Debug.win32\CCString.obj
F:\code\cocos2d-x-2.2.3\cocos2dx\proj.win32\Debug.win32\CCTextFieldTTF.obj
F:\code\cocos2d-x-2.2.3\cocos2dx\proj.win32\Debug.win32\CCTexture2D.obj
F:\code\cocos2d-x-2.2.3\cocos2dx\proj.win32\Debug.win32\CCTextureAtlas.obj
F:\code\cocos2d-x-2.2.3\cocos2dx\proj.win32\Debug.win32\CCTextureCache.obj
F:\code\cocos2d-x-2.2.3\cocos2dx\proj.win32\Debug.win32\CCTextureETC.obj
F:\code\cocos2d-x-2.2.3\cocos2dx\proj.win32\Debug.win32\CCTexturePVR.obj
F:\code\cocos2d-x-2.2.3\cocos2dx\proj.win32\Debug.win32\CCThread.obj
F:\code\cocos2d-x-2.2.3\cocos2dx\proj.win32\Debug.win32\CCTileMapAtlas.obj
F:\code\cocos2d-x-2.2.3\cocos2dx\proj.win32\Debug.win32\CCTMXLayer.obj
F:\code\cocos2d-x-2.2.3\cocos2dx\proj.win32\Debug.win32\CCTMXObjectGroup.obj
F:\code\cocos2d-x-2.2.3\cocos2dx\proj.win32\Debug.win32\CCTMXTiledMap.obj
F:\code\cocos2d-x-2.2.3\cocos2dx\proj.win32\Debug.win32\CCTMXXMLParser.obj
F:\code\cocos2d-x-2.2.3\cocos2dx\proj.win32\Debug.win32\CCTouch.obj
F:\code\cocos2d-x-2.2.3\cocos2dx\proj.win32\Debug.win32\CCTouchDispatcher.obj
F:\code\cocos2d-x-2.2.3\cocos2dx\proj.win32\Debug.win32\CCTouchHandler.obj
F:\code\cocos2d-x-2.2.3\cocos2dx\proj.win32\Debug.win32\CCTransition.obj
F:\code\cocos2d-x-2.2.3\cocos2dx\proj.win32\Debug.win32\CCTransitionPageTurn.obj
F:\code\cocos2d-x-2.2.3\cocos2dx\proj.win32\Debug.win32\CCTransitionProgress.obj
F:\code\cocos2d-x-2.2.3\cocos2dx\proj.win32\Debug.win32\CCUserDefault.obj
F:\code\cocos2d-x-2.2.3\cocos2dx\proj.win32\Debug.win32\ccUTF8.obj
F:\code\cocos2d-x-2.2.3\cocos2dx\proj.win32\Debug.win32\ccUtils.obj
F:\code\cocos2d-x-2.2.3\cocos2dx\proj.win32\Debug.win32\CCVertex.obj
F:\code\cocos2d-x-2.2.3\cocos2dx\proj.win32\Debug.win32\CCZone.obj
F:\code\cocos2d-x-2.2.3\cocos2dx\proj.win32\Debug.win32\cocos2d.obj
F:\code\cocos2d-x-2.2.3\cocos2dx\proj.win32\Debug.win32\ioapi.obj
F:\code\cocos2d-x-2.2.3\cocos2dx\proj.win32\Debug.win32\mat3.obj
F:\code\cocos2d-x-2.2.3\cocos2dx\proj.win32\Debug.win32\mat4.obj
F:\code\cocos2d-x-2.2.3\cocos2dx\proj.win32\Debug.win32\mat4stack.obj
F:\code\cocos2d-x-2.2.3\cocos2dx\proj.win32\Debug.win32\matrix.obj
F:\code\cocos2d-x-2.2.3\cocos2dx\proj.win32\Debug.win32\neon_matrix_impl.obj
F:\code\cocos2d-x-2.2.3\cocos2dx\proj.win32\Debug.win32\plane.obj
F:\code\cocos2d-x-2.2.3\cocos2dx\proj.win32\Debug.win32\platform.obj
F:\code\cocos2d-x-2.2.3\cocos2dx\proj.win32\Debug.win32\quaternion.obj
F:\code\cocos2d-x-2.2.3\cocos2dx\proj.win32\Debug.win32\ray2.obj
F:\code\cocos2d-x-2.2.3\cocos2dx\proj.win32\Debug.win32\TGAlib.obj
F:\code\cocos2d-x-2.2.3\cocos2dx\proj.win32\Debug.win32\tinyxml2.obj
F:\code\cocos2d-x-2.2.3\cocos2dx\proj.win32\Debug.win32\TransformUtils.obj
F:\code\cocos2d-x-2.2.3\cocos2dx\proj.win32\Debug.win32\unzip.obj
F:\code\cocos2d-x-2.2.3\cocos2dx\proj.win32\Debug.win32\utility.obj
F:\code\cocos2d-x-2.2.3\cocos2dx\proj.win32\Debug.win32\vec2.obj
F:\code\cocos2d-x-2.2.3\cocos2dx\proj.win32\Debug.win32\vec3.obj
F:\code\cocos2d-x-2.2.3\cocos2dx\proj.win32\Debug.win32\vec4.obj
F:\code\cocos2d-x-2.2.3\cocos2dx\proj.win32\Debug.win32\ZipUtils.obj
F:\code\cocos2d-x-2.2.3\cocos2dx\proj.win32\Debug.win32\cl.command.1.tlog
F:\code\cocos2d-x-2.2.3\cocos2dx\proj.win32\Debug.win32\CL.read.1.tlog
F:\code\cocos2d-x-2.2.3\cocos2dx\proj.win32\Debug.win32\CL.write.1.tlog
F:\code\cocos2d-x-2.2.3\cocos2dx\proj.win32\Debug.win32\libcocos2d.write.1.tlog
F:\code\cocos2d-x-2.2.3\cocos2dx\proj.win32\Debug.win32\link-cvtres.read.1.tlog
F:\code\cocos2d-x-2.2.3\cocos2dx\proj.win32\Debug.win32\link-cvtres.write.1.tlog
F:\code\cocos2d-x-2.2.3\cocos2dx\proj.win32\Debug.win32\link-rc.read.1.tlog
F:\code\cocos2d-x-2.2.3\cocos2dx\proj.win32\Debug.win32\link-rc.write.1.tlog
F:\code\cocos2d-x-2.2.3\cocos2dx\proj.win32\Debug.win32\link.command.1.tlog
F:\code\cocos2d-x-2.2.3\cocos2dx\proj.win32\Debug.win32\link.read.1.tlog
F:\code\cocos2d-x-2.2.3\cocos2dx\proj.win32\Debug.win32\link.write.1.tlog
F:\code\cocos2d-x-2.2.3\cocos2dx\proj.win32\Debug.win32\vc110.idb
F:\code\cocos2d-x-2.2.3\cocos2dx\proj.win32\Debug.win32\vc110.pdb
F:\code\cocos2d-x-2.2.3\projects\sunMap\proj.win32\Debug.win32\libcocos2d.dll
