生成启动时间为 2014/4/18 14:40:17。
     1>项目“F:\code\cocos2d-x-2.2.3\cocos2dx\proj.win32\cocos2d.vcxproj”在节点 2 上(Build 个目标)。
     1>ClCompile:
         D:\Program Files (x86)\Microsoft Visual Studio 11.0\VC\bin\CL.exe /c /I"C:\Program Files (x86)\Microsoft SDKs\Windows\v7.1A\include" /I"F:\code\cocos2d-x-2.2.3\cocos2dx\proj.win32\.." /I"F:\code\cocos2d-x-2.2.3\cocos2dx\proj.win32\..\platform\win32" /I"F:\code\cocos2d-x-2.2.3\cocos2dx\proj.win32\..\platform\third_party\win32\iconv" /I"F:\code\cocos2d-x-2.2.3\cocos2dx\proj.win32\..\platform\third_party\win32\zlib" /I"F:\code\cocos2d-x-2.2.3\cocos2dx\proj.win32\..\platform\third_party\win32\libpng" /I"F:\code\cocos2d-x-2.2.3\cocos2dx\proj.win32\..\platform\third_party\win32\libjpeg" /I"F:\code\cocos2d-x-2.2.3\cocos2dx\proj.win32\..\platform\third_party\win32\libtiff" /I"F:\code\cocos2d-x-2.2.3\cocos2dx\proj.win32\..\platform\third_party\win32\libwebp" /I"F:\code\cocos2d-x-2.2.3\cocos2dx\proj.win32\..\platform\third_party\win32\pthread" /I"F:\code\cocos2d-x-2.2.3\cocos2dx\proj.win32\..\platform\third_party\win32\OGLES" /I..\include /I"F:\code\cocos2d-x-2.2.3\cocos2dx\proj.win32\..\kazmath\include" /Zi /nologo /W3 /WX- /O2 /Oy- /D WIN32 /D NDEBUG /D _WINDOWS /D _USRDLL /D COCOS2DXWIN32_EXPORTS /D GL_GLEXT_PROTOTYPES /D _CRT_SECURE_NO_WARNINGS /D _SCL_SECURE_NO_WARNINGS /D _USING_V110_SDK71_ /D _WINDLL /D _UNICODE /D UNICODE /Gm- /EHsc /MD /GS /fp:precise /Zc:wchar_t /Zc:forScope /Fo"Release.win32\\" /Fd"Release.win32\vc110.pdb" /Gd /TP /wd4267 /wd4251 /wd4244 /analyze- /errorReport:prompt ..\base_nodes\CCAtlasNode.cpp ..\base_nodes\CCNode.cpp ..\cocoa\CCAffineTransform.cpp ..\cocoa\CCArray.cpp ..\cocoa\CCAutoreleasePool.cpp ..\cocoa\CCDataVisitor.cpp ..\cocoa\CCDictionary.cpp ..\cocoa\CCGeometry.cpp ..\cocoa\CCNS.cpp ..\cocoa\CCObject.cpp ..\cocoa\CCSet.cpp ..\cocoa\CCString.cpp ..\cocoa\CCZone.cpp ..\draw_nodes\CCDrawingPrimitives.cpp ..\draw_nodes\CCDrawNode.cpp ..\effects\CCGrabber.cpp ..\effects\CCGrid.cpp ..\actions\CCAction.cpp ..\actions\CCActionCamera.cpp ..\actions\CCActionCatmullRom.cpp ..\actions\CCActionEase.cpp ..\actions\CCActionGrid.cpp ..\actions\CCActionGrid3D.cpp ..\actions\CCActionInstant.cpp ..\actions\CCActionInterval.cpp ..\actions\CCActionManager.cpp ..\actions\CCActionPageTurn3D.cpp ..\actions\CCActionProgressTimer.cpp ..\actions\CCActionTiledGrid.cpp ..\actions\CCActionTween.cpp ..\label_nodes\CCLabelAtlas.cpp ..\label_nodes\CCLabelBMFont.cpp ..\label_nodes\CCLabelTTF.cpp ..\layers_scenes_transitions_nodes\CCLayer.cpp ..\layers_scenes_transitions_nodes\CCScene.cpp ..\layers_scenes_transitions_nodes\CCTransition.cpp ..\layers_scenes_transitions_nodes\CCTransitionPageTurn.cpp ..\layers_scenes_transitions_nodes\CCTransitionProgress.cpp ..\menu_nodes\CCMenu.cpp ..\menu_nodes\CCMenuItem.cpp ..\misc_nodes\CCClippingNode.cpp ..\misc_nodes\CCMotionStreak.cpp ..\misc_nodes\CCProgressTimer.cpp ..\misc_nodes\CCRenderTexture.cpp ..\particle_nodes\CCParticleBatchNode.cpp ..\particle_nodes\CCParticleExamples.cpp ..\particle_nodes\CCParticleSystem.cpp ..\particle_nodes\CCParticleSystemQuad.cpp ..\platform\CCEGLViewProtocol.cpp ..\platform\CCFileUtils.cpp ..\platform\CCImageCommonWebp.cpp ..\platform\CCSAXParser.cpp ..\platform\CCThread.cpp ..\platform\platform.cpp ..\platform\win32\CCAccelerometer.cpp ..\platform\win32\CCApplication.cpp ..\platform\win32\CCCommon.cpp ..\platform\win32\CCDevice.cpp ..\platform\win32\CCEGLView.cpp ..\platform\win32\CCFileUtilsWin32.cpp ..\platform\win32\CCImage.cpp ..\platform\win32\CCStdC.cpp ..\shaders\CCGLProgram.cpp ..\shaders\ccGLStateCache.cpp ..\shaders\CCShaderCache.cpp ..\shaders\ccShaders.cpp ..\sprite_nodes\CCAnimation.cpp ..\sprite_nodes\CCAnimationCache.cpp ..\sprite_nodes\CCSprite.cpp ..\sprite_nodes\CCSpriteBatchNode.cpp ..\sprite_nodes\CCSpriteFrame.cpp ..\sprite_nodes\CCSpriteFrameCache.cpp ..\support\base64.cpp ..\support\CCNotificationCenter.cpp ..\support\CCPointExtension.cpp ..\support\CCProfiling.cpp ..\support\ccUTF8.cpp ..\support\ccUtils.cpp ..\support\CCVertex.cpp ..\support\component\CCComponent.cpp ..\support\component\CCComponentContainer.cpp ..\support\tinyxml2\tinyxml2.cpp ..\support\TransformUtils.cpp ..\support\data_support\ccCArray.cpp ..\support\image_support\TGAlib.cpp ..\support\user_default\CCUserDefault.cpp ..\support\zip_support\ioapi.cpp ..\support\zip_support\unzip.cpp ..\support\zip_support\ZipUtils.cpp ..\textures\CCTexture2D.cpp ..\textures\CCTextureAtlas.cpp ..\textures\CCTextureCache.cpp ..\textures\CCTextureETC.cpp ..\textures\CCTexturePVR.cpp ..\tileMap_parallax_nodes\CCParallaxNode.cpp ..\tileMap_parallax_nodes\CCTileMapAtlas.cpp ..\tileMap_parallax_nodes\CCTMXLayer.cpp ..\tileMap_parallax_nodes\CCTMXObjectGroup.cpp ..\tileMap_parallax_nodes\CCTMXTiledMap.cpp ..\tileMap_parallax_nodes\CCTMXXMLParser.cpp ..\touch_dispatcher\CCTouch.cpp ..\touch_dispatcher\CCTouchDispatcher.cpp ..\touch_dispatcher\CCTouchHandler.cpp ..\keypad_dispatcher\CCKeypadDelegate.cpp ..\keypad_dispatcher\CCKeypadDispatcher.cpp ..\text_input_node\CCIMEDispatcher.cpp ..\text_input_node\CCTextFieldTTF.cpp ..\script_support\CCScriptSupport.cpp ..\CCCamera.cpp ..\CCConfiguration.cpp ..\CCDirector.cpp ..\CCScheduler.cpp ..\cocos2d.cpp
         CCAtlasNode.cpp
         CCNode.cpp
         CCAffineTransform.cpp
         CCArray.cpp
         CCAutoreleasePool.cpp
         CCDataVisitor.cpp
         CCDictionary.cpp
         CCGeometry.cpp
         CCNS.cpp
         CCObject.cpp
         CCSet.cpp
         CCString.cpp
         CCZone.cpp
         CCDrawingPrimitives.cpp
         CCDrawNode.cpp
         CCGrabber.cpp
         CCGrid.cpp
         CCAction.cpp
         CCActionCamera.cpp
         CCActionCatmullRom.cpp
         正在生成代码...
         正在编译...
         CCActionEase.cpp
         CCActionGrid.cpp
         CCActionGrid3D.cpp
         CCActionInstant.cpp
         CCActionInterval.cpp
         CCActionManager.cpp
         CCActionPageTurn3D.cpp
         CCActionProgressTimer.cpp
         CCActionTiledGrid.cpp
         CCActionTween.cpp
         CCLabelAtlas.cpp
         CCLabelBMFont.cpp
         CCLabelTTF.cpp
         CCLayer.cpp
         CCScene.cpp
         CCTransition.cpp
         CCTransitionPageTurn.cpp
         CCTransitionProgress.cpp
         CCMenu.cpp
         CCMenuItem.cpp
         正在生成代码...
         正在编译...
         CCClippingNode.cpp
         CCMotionStreak.cpp
         CCProgressTimer.cpp
         CCRenderTexture.cpp
         CCParticleBatchNode.cpp
         CCParticleExamples.cpp
         CCParticleSystem.cpp
         CCParticleSystemQuad.cpp
         CCEGLViewProtocol.cpp
         CCFileUtils.cpp
         CCImageCommonWebp.cpp
         CCSAXParser.cpp
         CCThread.cpp
         platform.cpp
         CCAccelerometer.cpp
         CCApplication.cpp
         CCCommon.cpp
         CCDevice.cpp
         CCEGLView.cpp
         CCFileUtilsWin32.cpp
         正在生成代码...
         正在编译...
         CCImage.cpp
         CCStdC.cpp
         CCGLProgram.cpp
         ccGLStateCache.cpp
         CCShaderCache.cpp
         ccShaders.cpp
         CCAnimation.cpp
         CCAnimationCache.cpp
         CCSprite.cpp
         CCSpriteBatchNode.cpp
         CCSpriteFrame.cpp
         CCSpriteFrameCache.cpp
         base64.cpp
         CCNotificationCenter.cpp
         CCPointExtension.cpp
         CCProfiling.cpp
         ccUTF8.cpp
         ccUtils.cpp
         CCVertex.cpp
         CCComponent.cpp
         正在生成代码...
         正在编译...
         CCComponentContainer.cpp
         tinyxml2.cpp
         TransformUtils.cpp
         ccCArray.cpp
         TGAlib.cpp
         CCUserDefault.cpp
         ioapi.cpp
         unzip.cpp
         ZipUtils.cpp
         CCTexture2D.cpp
         CCTextureAtlas.cpp
         CCTextureCache.cpp
         CCTextureETC.cpp
         CCTexturePVR.cpp
         CCParallaxNode.cpp
         CCTileMapAtlas.cpp
         CCTMXLayer.cpp
         CCTMXObjectGroup.cpp
         CCTMXTiledMap.cpp
         CCTMXXMLParser.cpp
         正在生成代码...
         正在编译...
         CCTouch.cpp
         CCTouchDispatcher.cpp
         CCTouchHandler.cpp
         CCKeypadDelegate.cpp
         CCKeypadDispatcher.cpp
         CCIMEDispatcher.cpp
         CCTextFieldTTF.cpp
         CCScriptSupport.cpp
         CCCamera.cpp
         CCConfiguration.cpp
         CCDirector.cpp
         CCScheduler.cpp
         cocos2d.cpp
         正在生成代码...
         D:\Program Files (x86)\Microsoft Visual Studio 11.0\VC\bin\CL.exe /c /I"C:\Program Files (x86)\Microsoft SDKs\Windows\v7.1A\include" /I"F:\code\cocos2d-x-2.2.3\cocos2dx\proj.win32\.." /I"F:\code\cocos2d-x-2.2.3\cocos2dx\proj.win32\..\platform\win32" /I"F:\code\cocos2d-x-2.2.3\cocos2dx\proj.win32\..\platform\third_party\win32\iconv" /I"F:\code\cocos2d-x-2.2.3\cocos2dx\proj.win32\..\platform\third_party\win32\zlib" /I"F:\code\cocos2d-x-2.2.3\cocos2dx\proj.win32\..\platform\third_party\win32\libpng" /I"F:\code\cocos2d-x-2.2.3\cocos2dx\proj.win32\..\platform\third_party\win32\libjpeg" /I"F:\code\cocos2d-x-2.2.3\cocos2dx\proj.win32\..\platform\third_party\win32\libtiff" /I"F:\code\cocos2d-x-2.2.3\cocos2dx\proj.win32\..\platform\third_party\win32\libwebp" /I"F:\code\cocos2d-x-2.2.3\cocos2dx\proj.win32\..\platform\third_party\win32\pthread" /I"F:\code\cocos2d-x-2.2.3\cocos2dx\proj.win32\..\platform\third_party\win32\OGLES" /I..\include /I"F:\code\cocos2d-x-2.2.3\cocos2dx\proj.win32\..\kazmath\include" /Zi /nologo /W3 /WX- /O2 /Oy- /D WIN32 /D NDEBUG /D _WINDOWS /D _USRDLL /D COCOS2DXWIN32_EXPORTS /D GL_GLEXT_PROTOTYPES /D _CRT_SECURE_NO_WARNINGS /D _SCL_SECURE_NO_WARNINGS /D _USING_V110_SDK71_ /D _WINDLL /D _UNICODE /D UNICODE /Gm- /EHsc /MD /GS /fp:precise /Zc:wchar_t /Zc:forScope /Fo"Release.win32\\" /Fd"Release.win32\vc110.pdb" /Gd /TC /wd4267 /wd4251 /wd4244 /analyze- /errorReport:prompt ..\ccFPSImages.c ..\kazmath\src\aabb.c ..\kazmath\src\mat3.c ..\kazmath\src\mat4.c ..\kazmath\src\neon_matrix_impl.c ..\kazmath\src\plane.c ..\kazmath\src\quaternion.c ..\kazmath\src\ray2.c ..\kazmath\src\utility.c ..\kazmath\src\vec2.c ..\kazmath\src\vec3.c ..\kazmath\src\vec4.c ..\kazmath\src\GL\mat4stack.c ..\kazmath\src\GL\matrix.c
         ccFPSImages.c
         aabb.c
         mat3.c
         mat4.c
         neon_matrix_impl.c
         plane.c
     1>..\kazmath\src\plane.c : warning C4819: 该文件包含不能在当前代码页(936)中表示的字符。请将该文件保存为 Unicode 格式以防止数据丢失
         quaternion.c
         ray2.c
         utility.c
         vec2.c
         vec3.c
         vec4.c
         mat4stack.c
         matrix.c
         正在生成代码...
       PreLinkEvent:
         if not exist "F:\code\cocos2d-x-2.2.3\projects\sunMap\proj.win32\Release.win32\" mkdir "F:\code\cocos2d-x-2.2.3\projects\sunMap\proj.win32\Release.win32\"
         xcopy /Y /Q "F:\code\cocos2d-x-2.2.3\cocos2dx\proj.win32\..\platform\third_party\win32\libraries\*.*" "F:\code\cocos2d-x-2.2.3\projects\sunMap\proj.win32\Release.win32\"
         
         :VCEnd
         复制了 15 个文件
       Link:
         D:\Program Files (x86)\Microsoft Visual Studio 11.0\VC\bin\link.exe /ERRORREPORT:PROMPT /OUT:"F:\code\cocos2d-x-2.2.3\projects\sunMap\proj.win32\Release.win32\libcocos2d.dll" /INCREMENTAL:NO /NOLOGO /LIBPATH:"F:\code\cocos2d-x-2.2.3\projects\sunMap\proj.win32\Release.win32\\" opengl32.lib glew32.lib libzlib.lib libpng.lib libjpeg.lib libtiff.lib libwebp.lib libiconv.lib pthreadVCE2.lib kernel32.lib user32.lib gdi32.lib winspool.lib comdlg32.lib advapi32.lib shell32.lib ole32.lib oleaut32.lib uuid.lib odbc32.lib odbccp32.lib /MANIFEST /MANIFESTUAC:"level='asInvoker' uiAccess='false'" /manifest:embed /DEBUG /PDB:"F:\code\cocos2d-x-2.2.3\projects\sunMap\proj.win32\Release.win32\libcocos2d.pdb" /SUBSYSTEM:WINDOWS,"5.01" /OPT:REF /OPT:ICF /TLBID:1 /DYNAMICBASE /NXCOMPAT /IMPLIB:"F:\code\cocos2d-x-2.2.3\projects\sunMap\proj.win32\Release.win32\libcocos2d.lib" /MACHINE:X86 /SAFESEH /DLL Release.win32\CCAtlasNode.obj
         Release.win32\CCNode.obj
         Release.win32\ccFPSImages.obj
         Release.win32\CCAffineTransform.obj
         Release.win32\CCArray.obj
         Release.win32\CCAutoreleasePool.obj
         Release.win32\CCDataVisitor.obj
         Release.win32\CCDictionary.obj
         Release.win32\CCGeometry.obj
         Release.win32\CCNS.obj
         Release.win32\CCObject.obj
         Release.win32\CCSet.obj
         Release.win32\CCString.obj
         Release.win32\CCZone.obj
         Release.win32\CCDrawingPrimitives.obj
         Release.win32\CCDrawNode.obj
         Release.win32\CCGrabber.obj
         Release.win32\CCGrid.obj
         Release.win32\CCAction.obj
         Release.win32\CCActionCamera.obj
         Release.win32\CCActionCatmullRom.obj
         Release.win32\CCActionEase.obj
         Release.win32\CCActionGrid.obj
         Release.win32\CCActionGrid3D.obj
         Release.win32\CCActionInstant.obj
         Release.win32\CCActionInterval.obj
         Release.win32\CCActionManager.obj
         Release.win32\CCActionPageTurn3D.obj
         Release.win32\CCActionProgressTimer.obj
         Release.win32\CCActionTiledGrid.obj
         Release.win32\CCActionTween.obj
         Release.win32\CCLabelAtlas.obj
         Release.win32\CCLabelBMFont.obj
         Release.win32\CCLabelTTF.obj
         Release.win32\CCLayer.obj
         Release.win32\CCScene.obj
         Release.win32\CCTransition.obj
         Release.win32\CCTransitionPageTurn.obj
         Release.win32\CCTransitionProgress.obj
         Release.win32\CCMenu.obj
         Release.win32\CCMenuItem.obj
         Release.win32\CCClippingNode.obj
         Release.win32\CCMotionStreak.obj
         Release.win32\CCProgressTimer.obj
         Release.win32\CCRenderTexture.obj
         Release.win32\CCParticleBatchNode.obj
         Release.win32\CCParticleExamples.obj
         Release.win32\CCParticleSystem.obj
         Release.win32\CCParticleSystemQuad.obj
         Release.win32\CCEGLViewProtocol.obj
         Release.win32\CCFileUtils.obj
         Release.win32\CCImageCommonWebp.obj
         Release.win32\CCSAXParser.obj
         Release.win32\CCThread.obj
         Release.win32\platform.obj
         Release.win32\CCAccelerometer.obj
         Release.win32\CCApplication.obj
         Release.win32\CCCommon.obj
         Release.win32\CCDevice.obj
         Release.win32\CCEGLView.obj
         Release.win32\CCFileUtilsWin32.obj
         Release.win32\CCImage.obj
         Release.win32\CCStdC.obj
         Release.win32\CCGLProgram.obj
         Release.win32\ccGLStateCache.obj
         Release.win32\CCShaderCache.obj
         Release.win32\ccShaders.obj
         Release.win32\CCAnimation.obj
         Release.win32\CCAnimationCache.obj
         Release.win32\CCSprite.obj
         Release.win32\CCSpriteBatchNode.obj
         Release.win32\CCSpriteFrame.obj
         Release.win32\CCSpriteFrameCache.obj
         Release.win32\base64.obj
         Release.win32\CCNotificationCenter.obj
         Release.win32\CCPointExtension.obj
         Release.win32\CCProfiling.obj
         Release.win32\ccUTF8.obj
         Release.win32\ccUtils.obj
         Release.win32\CCVertex.obj
         Release.win32\CCComponent.obj
         Release.win32\CCComponentContainer.obj
         Release.win32\tinyxml2.obj
         Release.win32\TransformUtils.obj
         Release.win32\ccCArray.obj
         Release.win32\TGAlib.obj
         Release.win32\CCUserDefault.obj
         Release.win32\ioapi.obj
         Release.win32\unzip.obj
         Release.win32\ZipUtils.obj
         Release.win32\CCTexture2D.obj
         Release.win32\CCTextureAtlas.obj
         Release.win32\CCTextureCache.obj
         Release.win32\CCTextureETC.obj
         Release.win32\CCTexturePVR.obj
         Release.win32\CCParallaxNode.obj
         Release.win32\CCTileMapAtlas.obj
         Release.win32\CCTMXLayer.obj
         Release.win32\CCTMXObjectGroup.obj
         Release.win32\CCTMXTiledMap.obj
         Release.win32\CCTMXXMLParser.obj
         Release.win32\CCTouch.obj
         Release.win32\CCTouchDispatcher.obj
         Release.win32\CCTouchHandler.obj
         Release.win32\CCKeypadDelegate.obj
         Release.win32\CCKeypadDispatcher.obj
         Release.win32\CCIMEDispatcher.obj
         Release.win32\CCTextFieldTTF.obj
         Release.win32\CCScriptSupport.obj
         Release.win32\aabb.obj
         Release.win32\mat3.obj
         Release.win32\mat4.obj
         Release.win32\neon_matrix_impl.obj
         Release.win32\plane.obj
         Release.win32\quaternion.obj
         Release.win32\ray2.obj
         Release.win32\utility.obj
         Release.win32\vec2.obj
         Release.win32\vec3.obj
         Release.win32\vec4.obj
         Release.win32\mat4stack.obj
         Release.win32\matrix.obj
         Release.win32\CCCamera.obj
         Release.win32\CCConfiguration.obj
         Release.win32\CCDirector.obj
         Release.win32\CCScheduler.obj
         Release.win32\cocos2d.obj
            正在创建库 F:\code\cocos2d-x-2.2.3\projects\sunMap\proj.win32\Release.win32\libcocos2d.lib 和对象 F:\code\cocos2d-x-2.2.3\projects\sunMap\proj.win32\Release.win32\libcocos2d.exp
     1>LINK : warning LNK4098: 默认库“LIBCMT”与其他库的使用冲突；请使用 /NODEFAULTLIB:library
         cocos2d.vcxproj -> F:\code\cocos2d-x-2.2.3\projects\sunMap\proj.win32\Release.win32\libcocos2d.dll
     1>已完成生成项目“F:\code\cocos2d-x-2.2.3\cocos2dx\proj.win32\cocos2d.vcxproj”(Build 个目标)的操作。

生成成功。

已用时间 00:07:53.12
