G:\VSCODE\COCOS2D-2.1BETA3-X-2.1.1\DEBUG.WIN32\SUNMAP.WIN32.EXE
G:\VSCODE\COCOS2D-2.1BETA3-X-2.1.1\DEBUG.WIN32\SUNMAP.WIN32.ILK
G:\VSCODE\COCOS2D-2.1BETA3-X-2.1.1\DEBUG.WIN32\SUNMAP.WIN32.PDB
G:\VSCODE\COCOS2D-2.1BETA3-X-2.1.1\SUNMAP-MASTER\SUNMAP\PROJ.WIN32\DEBUG.WIN32\AMAPSTRATEGY.OBJ
G:\VSCODE\COCOS2D-2.1BETA3-X-2.1.1\SUNMAP-MASTER\SUNMAP\PROJ.WIN32\DEBUG.WIN32\APPDELEGATE.OBJ
G:\VSCODE\COCOS2D-2.1BETA3-X-2.1.1\SUNMAP-MASTER\SUNMAP\PROJ.WIN32\DEBUG.WIN32\ARCGISMAPSTRATEGY.OBJ
G:\VSCODE\COCOS2D-2.1BETA3-X-2.1.1\SUNMAP-MASTER\SUNMAP\PROJ.WIN32\DEBUG.WIN32\BINGMAPSTRATEGY.OBJ
G:\VSCODE\COCOS2D-2.1BETA3-X-2.1.1\SUNMAP-MASTER\SUNMAP\PROJ.WIN32\DEBUG.WIN32\BITMAPCACHE.OBJ
G:\vscode\cocos2d-2.1beta3-x-2.1.1\sunmap-master\sunmap\proj.win32\Debug.win32\cl.command.1.tlog
G:\vscode\cocos2d-2.1beta3-x-2.1.1\sunmap-master\sunmap\proj.win32\Debug.win32\CL.read.1.tlog
G:\vscode\cocos2d-2.1beta3-x-2.1.1\sunmap-master\sunmap\proj.win32\Debug.win32\CL.write.1.tlog
G:\VSCODE\COCOS2D-2.1BETA3-X-2.1.1\SUNMAP-MASTER\SUNMAP\PROJ.WIN32\DEBUG.WIN32\GEOUTILS.OBJ
G:\VSCODE\COCOS2D-2.1BETA3-X-2.1.1\SUNMAP-MASTER\SUNMAP\PROJ.WIN32\DEBUG.WIN32\GOOGLESATELLITEMAPSTRATEGY.OBJ
G:\VSCODE\COCOS2D-2.1BETA3-X-2.1.1\SUNMAP-MASTER\SUNMAP\PROJ.WIN32\DEBUG.WIN32\GOOGLETERRAINMAPSTRATEGY.OBJ
G:\VSCODE\COCOS2D-2.1BETA3-X-2.1.1\SUNMAP-MASTER\SUNMAP\PROJ.WIN32\DEBUG.WIN32\GOOGLEVECTORMAPSTRATEGY.OBJ
G:\VSCODE\COCOS2D-2.1BETA3-X-2.1.1\SUNMAP-MASTER\SUNMAP\PROJ.WIN32\DEBUG.WIN32\HELLOWORLDSCENE.OBJ
G:\vscode\cocos2d-2.1beta3-x-2.1.1\sunmap-master\sunmap\proj.win32\Debug.win32\link.10912.read.1.tlog
G:\vscode\cocos2d-2.1beta3-x-2.1.1\sunmap-master\sunmap\proj.win32\Debug.win32\link.10912.write.1.tlog
G:\vscode\cocos2d-2.1beta3-x-2.1.1\sunmap-master\sunmap\proj.win32\Debug.win32\link.10912-cvtres.read.1.tlog
G:\vscode\cocos2d-2.1beta3-x-2.1.1\sunmap-master\sunmap\proj.win32\Debug.win32\link.10912-cvtres.write.1.tlog
G:\vscode\cocos2d-2.1beta3-x-2.1.1\sunmap-master\sunmap\proj.win32\Debug.win32\link.13476.read.1.tlog
G:\vscode\cocos2d-2.1beta3-x-2.1.1\sunmap-master\sunmap\proj.win32\Debug.win32\link.13476.write.1.tlog
G:\vscode\cocos2d-2.1beta3-x-2.1.1\sunmap-master\sunmap\proj.win32\Debug.win32\link.13476-cvtres.read.1.tlog
G:\vscode\cocos2d-2.1beta3-x-2.1.1\sunmap-master\sunmap\proj.win32\Debug.win32\link.13476-cvtres.write.1.tlog
G:\vscode\cocos2d-2.1beta3-x-2.1.1\sunmap-master\sunmap\proj.win32\Debug.win32\link.command.1.tlog
G:\vscode\cocos2d-2.1beta3-x-2.1.1\sunmap-master\sunmap\proj.win32\Debug.win32\link.read.1.tlog
G:\vscode\cocos2d-2.1beta3-x-2.1.1\sunmap-master\sunmap\proj.win32\Debug.win32\link.write.1.tlog
G:\vscode\cocos2d-2.1beta3-x-2.1.1\sunmap-master\sunmap\proj.win32\Debug.win32\link-cvtres.read.1.tlog
G:\vscode\cocos2d-2.1beta3-x-2.1.1\sunmap-master\sunmap\proj.win32\Debug.win32\link-cvtres.write.1.tlog
G:\VSCODE\COCOS2D-2.1BETA3-X-2.1.1\SUNMAP-MASTER\SUNMAP\PROJ.WIN32\DEBUG.WIN32\MAIN.OBJ
G:\VSCODE\COCOS2D-2.1BETA3-X-2.1.1\SUNMAP-MASTER\SUNMAP\PROJ.WIN32\DEBUG.WIN32\MAPCONTROL.OBJ
G:\VSCODE\COCOS2D-2.1BETA3-X-2.1.1\SUNMAP-MASTER\SUNMAP\PROJ.WIN32\DEBUG.WIN32\MAPSTRATEGY.OBJ
G:\VSCODE\COCOS2D-2.1BETA3-X-2.1.1\SUNMAP-MASTER\SUNMAP\PROJ.WIN32\DEBUG.WIN32\MAPSTRATEGYFACTORY.OBJ
G:\vscode\cocos2d-2.1beta3-x-2.1.1\sunmap-master\sunmap\proj.win32\Debug.win32\mt.command.1.tlog
G:\vscode\cocos2d-2.1beta3-x-2.1.1\sunmap-master\sunmap\proj.win32\Debug.win32\mt.read.1.tlog
G:\vscode\cocos2d-2.1beta3-x-2.1.1\sunmap-master\sunmap\proj.win32\Debug.win32\mt.write.1.tlog
G:\VSCODE\COCOS2D-2.1BETA3-X-2.1.1\SUNMAP-MASTER\SUNMAP\PROJ.WIN32\DEBUG.WIN32\OPENSTREETMAPSTRATEGY.OBJ
G:\VSCODE\COCOS2D-2.1BETA3-X-2.1.1\SUNMAP-MASTER\SUNMAP\PROJ.WIN32\DEBUG.WIN32\PHYSICMAP.OBJ
G:\VSCODE\COCOS2D-2.1BETA3-X-2.1.1\SUNMAP-MASTER\SUNMAP\PROJ.WIN32\DEBUG.WIN32\POINT.OBJ
G:\VSCODE\COCOS2D-2.1BETA3-X-2.1.1\SUNMAP-MASTER\SUNMAP\PROJ.WIN32\DEBUG.WIN32\PUBLICMSGHANDLER.OBJ
G:\VSCODE\COCOS2D-2.1BETA3-X-2.1.1\SUNMAP-MASTER\SUNMAP\PROJ.WIN32\DEBUG.WIN32\RAWTILE.OBJ
G:\vscode\cocos2d-2.1beta3-x-2.1.1\sunmap-master\sunmap\proj.win32\Debug.win32\rc.command.1.tlog
G:\vscode\cocos2d-2.1beta3-x-2.1.1\sunmap-master\sunmap\proj.win32\Debug.win32\rc.read.1.tlog
G:\vscode\cocos2d-2.1beta3-x-2.1.1\sunmap-master\sunmap\proj.win32\Debug.win32\rc.write.1.tlog
G:\VSCODE\COCOS2D-2.1BETA3-X-2.1.1\SUNMAP-MASTER\SUNMAP\PROJ.WIN32\DEBUG.WIN32\SHELL.OBJ
G:\VSCODE\COCOS2D-2.1BETA3-X-2.1.1\SUNMAP-MASTER\SUNMAP\PROJ.WIN32\DEBUG.WIN32\SQLITE3.OBJ
G:\VSCODE\COCOS2D-2.1BETA3-X-2.1.1\SUNMAP-MASTER\SUNMAP\PROJ.WIN32\DEBUG.WIN32\SQLITELOCALSTORAGE.OBJ
G:\VSCODE\COCOS2D-2.1BETA3-X-2.1.1\SUNMAP-MASTER\SUNMAP\PROJ.WIN32\DEBUG.WIN32\SUNMAP.RES
G:\VSCODE\COCOS2D-2.1BETA3-X-2.1.1\SUNMAP-MASTER\SUNMAP\PROJ.WIN32\DEBUG.WIN32\SUNMAP.WIN32.EXE.EMBED.MANIFEST
G:\VSCODE\COCOS2D-2.1BETA3-X-2.1.1\SUNMAP-MASTER\SUNMAP\PROJ.WIN32\DEBUG.WIN32\SUNMAP.WIN32.EXE.EMBED.MANIFEST.RES
G:\VSCODE\COCOS2D-2.1BETA3-X-2.1.1\SUNMAP-MASTER\SUNMAP\PROJ.WIN32\DEBUG.WIN32\SUNMAP.WIN32.EXE.INTERMEDIATE.MANIFEST
G:\vscode\cocos2d-2.1beta3-x-2.1.1\sunmap-master\sunmap\proj.win32\Debug.win32\sunmap.win32_manifest.rc
G:\VSCODE\COCOS2D-2.1BETA3-X-2.1.1\SUNMAP-MASTER\SUNMAP\PROJ.WIN32\DEBUG.WIN32\SUPERMAPCLOUDMAPSTRATEGY.OBJ
G:\VSCODE\COCOS2D-2.1BETA3-X-2.1.1\SUNMAP-MASTER\SUNMAP\PROJ.WIN32\DEBUG.WIN32\TIANDITUMAPSTRATEGY.OBJ
G:\VSCODE\COCOS2D-2.1BETA3-X-2.1.1\SUNMAP-MASTER\SUNMAP\PROJ.WIN32\DEBUG.WIN32\TILELOADER.OBJ
G:\VSCODE\COCOS2D-2.1BETA3-X-2.1.1\SUNMAP-MASTER\SUNMAP\PROJ.WIN32\DEBUG.WIN32\TILERESOLVER.OBJ
G:\vscode\cocos2d-2.1beta3-x-2.1.1\sunmap-master\sunmap\proj.win32\Debug.win32\vc100.idb
G:\VSCODE\COCOS2D-2.1BETA3-X-2.1.1\SUNMAP-MASTER\SUNMAP\PROJ.WIN32\DEBUG.WIN32\VC100.PDB
