F:\GIT\SUNMAP\PROJECTS\SUNMAP\PROJ.WIN32\RELEASE.WIN32\PHYSICMAP.OBJ
F:\GIT\SUNMAP\PROJECTS\SUNMAP\PROJ.WIN32\RELEASE.WIN32\OPENSTREETMAPSTRATEGY.OBJ
F:\GIT\SUNMAP\PROJECTS\SUNMAP\PROJ.WIN32\RELEASE.WIN32\MARKERLAYER.OBJ
F:\GIT\SUNMAP\PROJECTS\SUNMAP\PROJ.WIN32\RELEASE.WIN32\MAPSTRATEGYFACTORY.OBJ
F:\GIT\SUNMAP\PROJECTS\SUNMAP\PROJ.WIN32\RELEASE.WIN32\MAPSTRATEGY.OBJ
F:\GIT\SUNMAP\PROJECTS\SUNMAP\PROJ.WIN32\RELEASE.WIN32\MAPCONTROL.OBJ
F:\GIT\SUNMAP\PROJECTS\SUNMAP\PROJ.WIN32\RELEASE.WIN32\LAYERSWITCHER.OBJ
F:\GIT\SUNMAP\PROJECTS\SUNMAP\PROJ.WIN32\RELEASE.WIN32\HELLOWORLDSCENE.OBJ
F:\GIT\SUNMAP\PROJECTS\SUNMAP\PROJ.WIN32\RELEASE.WIN32\GOOGLEVECTORMAPSTRATEGY.OBJ
F:\GIT\SUNMAP\PROJECTS\SUNMAP\PROJ.WIN32\RELEASE.WIN32\GOOGLETERRAINMAPSTRATEGY.OBJ
F:\GIT\SUNMAP\PROJECTS\SUNMAP\PROJ.WIN32\RELEASE.WIN32\GOOGLESATELLITEMAPSTRATEGY.OBJ
F:\GIT\SUNMAP\PROJECTS\SUNMAP\PROJ.WIN32\RELEASE.WIN32\GEOUTILS.OBJ
F:\GIT\SUNMAP\PROJECTS\SUNMAP\PROJ.WIN32\RELEASE.WIN32\FEATURE.OBJ
F:\GIT\SUNMAP\PROJECTS\SUNMAP\PROJ.WIN32\RELEASE.WIN32\CONTROLLAYER.OBJ
F:\GIT\SUNMAP\PROJECTS\SUNMAP\PROJ.WIN32\RELEASE.WIN32\BINGMAPSTRATEGY.OBJ
F:\GIT\SUNMAP\PROJECTS\SUNMAP\PROJ.WIN32\RELEASE.WIN32\ARCGISMAPSTRATEGY.OBJ
F:\GIT\SUNMAP\PROJECTS\SUNMAP\PROJ.WIN32\RELEASE.WIN32\APPDELEGATE.OBJ
F:\GIT\SUNMAP\PROJECTS\SUNMAP\PROJ.WIN32\RELEASE.WIN32\AMAPSTRATEGY.OBJ
F:\GIT\SUNMAP\PROJECTS\SUNMAP\PROJ.WIN32\RELEASE.WIN32\MAIN.OBJ
F:\GIT\SUNMAP\PROJECTS\SUNMAP\PROJ.WIN32\RELEASE.WIN32\VISIBLERECT.OBJ
F:\GIT\SUNMAP\PROJECTS\SUNMAP\PROJ.WIN32\RELEASE.WIN32\VECTORLAYER.OBJ
F:\GIT\SUNMAP\PROJECTS\SUNMAP\PROJ.WIN32\RELEASE.WIN32\TILELOADER.OBJ
F:\GIT\SUNMAP\PROJECTS\SUNMAP\PROJ.WIN32\RELEASE.WIN32\TIANDITUMAPSTRATEGY.OBJ
F:\GIT\SUNMAP\PROJECTS\SUNMAP\PROJ.WIN32\RELEASE.WIN32\SUPERMAPCLOUDMAPSTRATEGY.OBJ
F:\GIT\SUNMAP\PROJECTS\SUNMAP\PROJ.WIN32\RELEASE.WIN32\STYLE.OBJ
F:\GIT\SUNMAP\PROJECTS\SUNMAP\PROJ.WIN32\RELEASE.WIN32\SQLITELOCALSTORAGE.OBJ
F:\GIT\SUNMAP\PROJECTS\SUNMAP\PROJ.WIN32\RELEASE.WIN32\RAWTILE.OBJ
F:\GIT\SUNMAP\PROJECTS\SUNMAP\PROJ.WIN32\RELEASE.WIN32\TILERESOLVER.OBJ
F:\GIT\SUNMAP\PROJECTS\SUNMAP\PROJ.WIN32\RELEASE.WIN32\PUBLICMSGHANDLER.OBJ
F:\GIT\SUNMAP\PROJECTS\SUNMAP\PROJ.WIN32\RELEASE.WIN32\BITMAPCACHE.OBJ
F:\GIT\SUNMAP\PROJECTS\SUNMAP\PROJ.WIN32\RELEASE.WIN32\VC110.PDB
F:\GIT\SUNMAP\PROJECTS\SUNMAP\PROJ.WIN32\RELEASE.WIN32\SQLITE3.OBJ
F:\GIT\SUNMAP\PROJECTS\SUNMAP\PROJ.WIN32\RELEASE.WIN32\SHELL.OBJ
F:\GIT\SUNMAP\PROJECTS\SUNMAP\PROJ.WIN32\RELEASE.WIN32\SUNMAP.EXE
F:\GIT\SUNMAP\PROJECTS\SUNMAP\PROJ.WIN32\RELEASE.WIN32\SUNMAP.PDB
F:\git\sunmap\projects\sunMap\proj.win32\Release.win32\AMapStrategy.obj
F:\git\sunmap\projects\sunMap\proj.win32\Release.win32\AppDelegate.obj
F:\git\sunmap\projects\sunMap\proj.win32\Release.win32\ArcGisMapStrategy.obj
F:\git\sunmap\projects\sunMap\proj.win32\Release.win32\BingMapStrategy.obj
F:\git\sunmap\projects\sunMap\proj.win32\Release.win32\BitmapCache.obj
F:\git\sunmap\projects\sunMap\proj.win32\Release.win32\ControlLayer.obj
F:\git\sunmap\projects\sunMap\proj.win32\Release.win32\Feature.obj
F:\git\sunmap\projects\sunMap\proj.win32\Release.win32\GeoUtils.obj
F:\git\sunmap\projects\sunMap\proj.win32\Release.win32\GoogleSatelliteMapStrategy.obj
F:\git\sunmap\projects\sunMap\proj.win32\Release.win32\GoogleTerrainMapStrategy.obj
F:\git\sunmap\projects\sunMap\proj.win32\Release.win32\GoogleVectorMapStrategy.obj
F:\git\sunmap\projects\sunMap\proj.win32\Release.win32\HelloWorldScene.obj
F:\git\sunmap\projects\sunMap\proj.win32\Release.win32\LayerSwitcher.obj
F:\git\sunmap\projects\sunMap\proj.win32\Release.win32\main.obj
F:\git\sunmap\projects\sunMap\proj.win32\Release.win32\MapControl.obj
F:\git\sunmap\projects\sunMap\proj.win32\Release.win32\MapStrategy.obj
F:\git\sunmap\projects\sunMap\proj.win32\Release.win32\MapStrategyFactory.obj
F:\git\sunmap\projects\sunMap\proj.win32\Release.win32\MarkerLayer.obj
F:\git\sunmap\projects\sunMap\proj.win32\Release.win32\OpenStreetMapStrategy.obj
F:\git\sunmap\projects\sunMap\proj.win32\Release.win32\PhysicMap.obj
F:\git\sunmap\projects\sunMap\proj.win32\Release.win32\PublicMsgHandler.obj
F:\git\sunmap\projects\sunMap\proj.win32\Release.win32\RawTile.obj
F:\git\sunmap\projects\sunMap\proj.win32\Release.win32\shell.obj
F:\git\sunmap\projects\sunMap\proj.win32\Release.win32\sqlite3.obj
F:\git\sunmap\projects\sunMap\proj.win32\Release.win32\SqliteLocalStorage.obj
F:\git\sunmap\projects\sunMap\proj.win32\Release.win32\Style.obj
F:\git\sunmap\projects\sunMap\proj.win32\Release.win32\SuperMapCloudMapStrategy.obj
F:\git\sunmap\projects\sunMap\proj.win32\Release.win32\TiandituMapStrategy.obj
F:\git\sunmap\projects\sunMap\proj.win32\Release.win32\TileLoader.obj
F:\git\sunmap\projects\sunMap\proj.win32\Release.win32\TileResolver.obj
F:\git\sunmap\projects\sunMap\proj.win32\Release.win32\VectorLayer.obj
F:\git\sunmap\projects\sunMap\proj.win32\Release.win32\VisibleRect.obj
F:\git\sunmap\projects\sunMap\proj.win32\Release.win32\cl.command.1.tlog
F:\git\sunmap\projects\sunMap\proj.win32\Release.win32\CL.read.1.tlog
F:\git\sunmap\projects\sunMap\proj.win32\Release.win32\CL.write.1.tlog
F:\git\sunmap\projects\sunMap\proj.win32\Release.win32\link-cvtres.read.1.tlog
F:\git\sunmap\projects\sunMap\proj.win32\Release.win32\link-cvtres.write.1.tlog
F:\git\sunmap\projects\sunMap\proj.win32\Release.win32\link-rc.read.1.tlog
F:\git\sunmap\projects\sunMap\proj.win32\Release.win32\link-rc.write.1.tlog
F:\git\sunmap\projects\sunMap\proj.win32\Release.win32\link.command.1.tlog
F:\git\sunmap\projects\sunMap\proj.win32\Release.win32\link.read.1.tlog
F:\git\sunmap\projects\sunMap\proj.win32\Release.win32\link.write.1.tlog
F:\git\sunmap\projects\sunMap\proj.win32\Release.win32\sunMap.pdb
F:\git\sunmap\projects\sunMap\proj.win32\Release.win32\vc110.pdb
F:\git\sunmap\projects\sunMap\proj.win32\Release.win32\sunMap.exe
